<?xml version="1.0" encoding="UTF-8"?>
<testng-results skipped="0" failed="0" ignored="0" total="2" passed="2">
  <reporter-output>
  </reporter-output>
  <suite name="Automation Test Suite" duration-ms="43321" started-at="2020-03-22T19:37:32Z" finished-at="2020-03-22T19:38:15Z">
    <groups>
      <group name="cucumber">
        <method signature="AbstractTestNGCucumberTests.feature(cucumber.api.testng.CucumberFeatureWrapper)[pri:0, instance:com.usa.myrunner.MyRunner@1442d7b5]" name="feature" class="cucumber.api.testng.AbstractTestNGCucumberTests"/>
      </group> <!-- cucumber -->
    </groups>
    <test name="PMCS Login test" duration-ms="43321" started-at="2020-03-22T19:37:32Z" finished-at="2020-03-22T19:38:15Z">
      <class name="com.usa.myrunner.MyRunner">
        <test-method status="PASS" signature="setUpClass()[pri:0, instance:com.usa.myrunner.MyRunner@1442d7b5]" name="setUpClass" is-config="true" duration-ms="169" started-at="2020-03-22T19:37:32Z" finished-at="2020-03-22T19:37:32Z">
          <reporter-output>
          </reporter-output>
        </test-method> <!-- setUpClass -->
        <test-method status="PASS" signature="feature(cucumber.api.testng.CucumberFeatureWrapper)[pri:0, instance:com.usa.myrunner.MyRunner@1442d7b5]" name="feature" duration-ms="14911" started-at="2020-03-22T19:37:32Z" description="Runs Cucumber Feature" data-provider="features" finished-at="2020-03-22T19:37:47Z">
          <params>
            <param index="0">
              <value>
                <![CDATA[Users can buy the Property sell the Property & compaire the Property price from the online https://www.zoopla.co.uk/ website]]>
              </value>
            </param>
          </params>
          <reporter-output>
          </reporter-output>
        </test-method> <!-- feature -->
        <test-method status="PASS" signature="feature(cucumber.api.testng.CucumberFeatureWrapper)[pri:0, instance:com.usa.myrunner.MyRunner@1442d7b5]" name="feature" duration-ms="28005" started-at="2020-03-22T19:37:47Z" description="Runs Cucumber Feature" data-provider="features" finished-at="2020-03-22T19:38:15Z">
          <params>
            <param index="0">
              <value>
                <![CDATA[Users can buy the Property sell the Property & compaire the Property price from the online https://www.zoopla.co.uk/ website]]>
              </value>
            </param>
          </params>
          <reporter-output>
          </reporter-output>
        </test-method> <!-- feature -->
        <test-method status="PASS" signature="tearDownClass()[pri:0, instance:com.usa.myrunner.MyRunner@1442d7b5]" name="tearDownClass" is-config="true" duration-ms="8" started-at="2020-03-22T19:38:15Z" finished-at="2020-03-22T19:38:15Z">
          <reporter-output>
          </reporter-output>
        </test-method> <!-- tearDownClass -->
      </class> <!-- com.usa.myrunner.MyRunner -->
    </test> <!-- PMCS Login test -->
  </suite> <!-- Automation Test Suite -->
</testng-results>
