<?xml version="1.0" encoding="UTF-8"?>
<!-- Generated by org.testng.reporters.JUnitXMLReporter -->
<testsuite hostname="DESKTOP-96ITD99" ignored="0" name="PMCS Login test" tests="2" failures="0" timestamp="22 Mar 2020 19:38:15 GMT" time="43.321" errors="0">
  <testcase name="feature" time="14.911" classname="cucumber.api.testng.AbstractTestNGCucumberTests"/>
  <testcase name="feature" time="28.005" classname="cucumber.api.testng.AbstractTestNGCucumberTests"/>
</testsuite> <!-- PMCS Login test -->
